0 info it worked if it ends with ok
1 verbose cli [ '/usr/local/bin/node',
1 verbose cli   '/usr/local/bin/npm',
1 verbose cli   'install',
1 verbose cli   'angular-messages#1.3.6',
1 verbose cli   '--save' ]
2 info using npm@2.11.3
3 info using node@v0.12.7
4 verbose install initial load of /home/flavien/Documents/geoip-mobileApp/package.json
5 warn package.json geoip-mobileapp@1.1.1 No repository field.
6 warn package.json geoip-mobileapp@1.1.1 No license field.
7 verbose readDependencies loading dependencies from /home/flavien/Documents/geoip-mobileApp/package.json
8 silly cache add args [ 'angular-messages#1.3.6', null ]
9 verbose cache add spec angular-messages#1.3.6
10 silly cache add parsed spec { raw: 'angular-messages#1.3.6',
10 silly cache add   scope: null,
10 silly cache add   name: null,
10 silly cache add   rawSpec: 'angular-messages#1.3.6',
10 silly cache add   spec: '/home/flavien/Documents/geoip-mobileApp/angular-messages#1.3.6',
10 silly cache add   type: 'local' }
11 error addLocal Could not install /home/flavien/Documents/geoip-mobileApp/angular-messages#1.3.6
12 verbose stack Error: ENOENT, open '/home/flavien/Documents/geoip-mobileApp/angular-messages#1.3.6'
12 verbose stack     at Error (native)
13 verbose cwd /home/flavien/Documents/geoip-mobileApp
14 error Linux 3.16.0-53-generic
15 error argv "/usr/local/bin/node" "/usr/local/bin/npm" "install" "angular-messages#1.3.6" "--save"
16 error node v0.12.7
17 error npm  v2.11.3
18 error path /home/flavien/Documents/geoip-mobileApp/angular-messages#1.3.6
19 error code ENOENT
20 error errno -2
21 error enoent ENOENT, open '/home/flavien/Documents/geoip-mobileApp/angular-messages#1.3.6'
21 error enoent This is most likely not a problem with npm itself
21 error enoent and is related to npm not being able to find a file.
22 verbose exit [ -2, true ]
